<?xml version="1.0" encoding="UTF-8"?>
<!-- Generated by org.testng.reporters.JUnitXMLReporter -->
<testsuite ignored="0" hostname="DESKTOP-F52EDBA" failures="0" tests="6" name="Test Runner 3" time="0.106" errors="0" timestamp="2023-02-09T08:43:13 IST">
  <testcase classname="distributedParallel.Test6" name="demo1" time="0.011"/>
  <testcase classname="distributedParallel.Test6" name="demo2" time="0.002"/>
  <testcase classname="distributedParallel.Test6" name="demo3" time="0.001"/>
  <testcase classname="distributedParallel.Test5" name="demo1" time="0.002"/>
  <testcase classname="distributedParallel.Test5" name="demo2" time="0.003"/>
  <testcase classname="distributedParallel.Test5" name="demo3" time="0.003"/>
</testsuite> <!-- Test Runner 3 -->
