<?xml version="1.0" encoding="UTF-8"?>
<!-- Generated by org.testng.reporters.JUnitXMLReporter -->
<testsuite ignored="0" hostname="DESKTOP-F52EDBA" failures="0" tests="6" name="Test Runner 2" time="0.104" errors="0" timestamp="2023-02-09T08:43:13 IST">
  <testcase classname="distributedParallel.Test4" name="demo1" time="0.011"/>
  <testcase classname="distributedParallel.Test4" name="demo2" time="0.004"/>
  <testcase classname="distributedParallel.Test4" name="demo3" time="0.002"/>
  <testcase classname="distributedParallel.Test3" name="demo1" time="0.002"/>
  <testcase classname="distributedParallel.Test3" name="demo2" time="0.002"/>
  <testcase classname="distributedParallel.Test3" name="demo3" time="0.002"/>
</testsuite> <!-- Test Runner 2 -->
