<?xml version="1.0" encoding="UTF-8"?>
<!-- Generated by org.testng.reporters.JUnitXMLReporter -->
<testsuite ignored="0" hostname="DESKTOP-F52EDBA" failures="2" tests="9" name="Test" time="0.093" errors="0" timestamp="2023-02-11T09:29:02 IST">
  <testcase classname="batchexecution.Test2" name="demo1" time="0.009"/>
  <testcase classname="batchexecution.Test2" name="demo2" time="0.002"/>
  <testcase classname="batchexecution.Test2" name="demo3" time="0.004">
    <failure type="java.lang.AssertionError" message="null">
      <![CDATA[java.lang.AssertionError: null
at batchexecution.Test2.demo3(Test2.java:21)
at java.base/java.util.ArrayList.forEach(ArrayList.java:1511)
... Removed 29 stack frames]]>
    </failure>
  </testcase> <!-- demo3 -->
  <testcase classname="batchexecution.Test1" name="demo1" time="0.001"/>
  <testcase classname="batchexecution.Test1" name="demo2" time="0.002"/>
  <testcase classname="batchexecution.Test1" name="demo3" time="0.001"/>
  <testcase classname="batchexecution.Test0" name="demo1" time="0.001"/>
  <testcase classname="batchexecution.Test0" name="demo2" time="0.001">
    <failure type="java.lang.AssertionError" message="null">
      <![CDATA[java.lang.AssertionError: null
at batchexecution.Test0.demo2(Test0.java:16)
at java.base/java.util.ArrayList.forEach(ArrayList.java:1511)
... Removed 29 stack frames]]>
    </failure>
  </testcase> <!-- demo2 -->
  <testcase classname="batchexecution.Test0" name="demo3" time="0.001"/>
</testsuite> <!-- Test -->
