<?xml version="1.0" encoding="UTF-8"?>
<!-- Generated by org.testng.reporters.JUnitXMLReporter -->
<testsuite ignored="0" hostname="DESKTOP-F52EDBA" failures="0" tests="6" name="Test Runner 1" time="0.112" errors="0" timestamp="2023-02-09T08:43:13 IST">
  <testcase classname="distributedParallel.Test2" name="demo1" time="0.011"/>
  <testcase classname="distributedParallel.Test2" name="demo2" time="0.004"/>
  <testcase classname="distributedParallel.Test2" name="demo3" time="0.002"/>
  <testcase classname="distributedParallel.Test1" name="demo1" time="0.004"/>
  <testcase classname="distributedParallel.Test1" name="demo2" time="0.008"/>
  <testcase classname="distributedParallel.Test1" name="demo3" time="0.003"/>
</testsuite> <!-- Test Runner 1 -->
