<?xml version="1.0" encoding="UTF-8"?>
<!-- Generated by org.testng.reporters.JUnitXMLReporter -->
<testsuite ignored="3" hostname="DESKTOP-F52EDBA" failures="0" tests="10" name="Test" time="0.087" errors="0" timestamp="2023-02-10T09:11:06 IST">
  <testcase classname="groupexecution.Test1" name="demo1" time="0.009"/>
  <testcase classname="groupexecution.Test1" name="demo2" time="0.002"/>
  <testcase classname="groupexecution.Test2" name="demo1" time="0.002"/>
  <testcase classname="groupexecution.Test2" name="demo2" time="0.0"/>
  <testcase classname="groupexecution.Test2" name="demo3" time="0.001"/>
  <testcase classname="groupexecution.Test2" name="demo4" time="0.001"/>
  <testcase classname="groupexecution.Test3" name="demo1" time="0.001"/>
  <testcase classname="groupexecution.Test3" name="demo2" time="0.001"/>
  <testcase classname="groupexecution.Test3" name="demo3" time="0.002"/>
  <testcase classname="groupexecution.Test3" name="demo4" time="0.002"/>
  <testcase classname="groupexecution.Test1" name="demo3" time="0.0">
    <ignored/>
  </testcase> <!-- demo3 -->
  <testcase classname="groupexecution.Test1" name="demo4" time="0.0">
    <ignored/>
  </testcase> <!-- demo4 -->
  <testcase classname="groupexecution.Test3" name="demo5" time="0.0">
    <ignored/>
  </testcase> <!-- demo5 -->
</testsuite> <!-- Test -->
