<?xml version="1.0" encoding="UTF-8"?>
<!-- Generated by org.testng.reporters.JUnitXMLReporter -->
<testsuite ignored="4" hostname="DESKTOP-F52EDBA" failures="0" tests="2" name="Test(failed)" time="0.055" errors="0" timestamp="2023-02-11T09:31:17 IST">
  <testcase classname="batchexecution.Test2" name="demo3" time="0.009"/>
  <testcase classname="batchexecution.Test0" name="demo2" time="0.002"/>
  <testcase classname="batchexecution.Test2" name="demo1" time="0.0">
    <ignored/>
  </testcase> <!-- demo1 -->
  <testcase classname="batchexecution.Test0" name="demo3" time="0.0">
    <ignored/>
  </testcase> <!-- demo3 -->
  <testcase classname="batchexecution.Test0" name="demo1" time="0.0">
    <ignored/>
  </testcase> <!-- demo1 -->
  <testcase classname="batchexecution.Test2" name="demo2" time="0.0">
    <ignored/>
  </testcase> <!-- demo2 -->
</testsuite> <!-- Test(failed) -->
