<?xml version="1.0" encoding="UTF-8"?>
<testng-results ignored="4" total="6" passed="2" failed="0" skipped="0">
  <reporter-output>
  </reporter-output>
  <suite started-at="2023-02-11T09:31:17 IST" name="Failed suite [Suite]" finished-at="2023-02-11T09:31:17 IST" duration-ms="55">
    <groups>
    </groups>
    <test started-at="2023-02-11T09:31:17 IST" name="Test(failed)" finished-at="2023-02-11T09:31:17 IST" duration-ms="55">
      <class name="batchexecution.Test0">
        <test-method signature="demo2()[pri:0, instance:batchexecution.Test0@4944252c]" started-at="2023-02-11T09:31:17 IST" name="demo2" finished-at="2023-02-11T09:31:17 IST" duration-ms="2" status="PASS">
          <reporter-output>
          </reporter-output>
        </test-method> <!-- demo2 -->
      </class> <!-- batchexecution.Test0 -->
      <class name="batchexecution.Test2">
        <test-method signature="demo3()[pri:0, instance:batchexecution.Test2@49dc7102]" started-at="2023-02-11T09:31:17 IST" name="demo3" finished-at="2023-02-11T09:31:17 IST" duration-ms="9" status="PASS">
          <reporter-output>
          </reporter-output>
        </test-method> <!-- demo3 -->
      </class> <!-- batchexecution.Test2 -->
    </test> <!-- Test(failed) -->
  </suite> <!-- Failed suite [Suite] -->
</testng-results>
